Arguments: 
  C:\Program Files\nodejs\node.exe C:\Users\Admin\AppData\Roaming\npm\node_modules\yarn\bin\yarn.js add react-hash-scroll

PATH: 
  C:\Users\Admin\bin;C:\Program Files\Git\mingw64\bin;C:\Program Files\Git\usr\local\bin;C:\Program Files\Git\usr\bin;C:\Program Files\Git\usr\bin;C:\Program Files\Git\mingw64\bin;C:\Program Files\Git\usr\bin;C:\Users\Admin\bin;C:\WINDOWS\system32;C:\WINDOWS;C:\WINDOWS\System32\Wbem;C:\WINDOWS\System32\WindowsPowerShell\v1.0;C:\WINDOWS\System32\OpenSSH;C:\Program Files\Git\cmd;C:\Program Files\Cloudflare\Cloudflare WARP;C:\Program Files\nodejs;C:\Users\Admin\AppData\Local\Microsoft\WindowsApps;C:\Users\Admin\AppData\Local\Programs\Microsoft VS Code\bin;C:\Users\Admin\AppData\Roaming\npm;C:\Program Files\Git\usr\bin\vendor_perl;C:\Program Files\Git\usr\bin\core_perl

Yarn version: 
  1.22.17

Node version: 
  17.4.0

Platform: 
  win32 x64

Trace: 
  Error: EPERM: operation not permitted, unlink 'C:\Users\Admin\Desktop\remix-movie\node_modules\esbuild-windows-64\esbuild.exe'

npm manifest: 
  {
    "private": true,
    "name": "remix-app-template",
    "description": "",
    "license": "",
    "scripts": {
      "build": "remix build",
      "dev": "remix watch && npm run json-server",
      "postinstall": "remix setup cloudflare-workers",
      "build:worker": "esbuild --define:process.env.NODE_ENV='\"production\"' --minify --bundle --sourcemap --outdir=dist ./worker",
      "dev:worker": "esbuild --define:process.env.NODE_ENV='\"development\"' --bundle --sourcemap --outdir=dist ./worker",
      "start": "miniflare --build-command \"npm run dev:worker\" --watch",
      "deploy": "npm run build && wrangler publish",
      "json-server": "json-server --watch db.json --port 9001"
    },
    "dependencies": {
      "@remix-run/cloudflare-workers": "^1.1.3",
      "@remix-run/react": "^1.1.3",
      "bootstrap": "^5.1.3",
      "json-server": "^0.17.0",
      "react": "^17.0.2",
      "react-bootstrap": "^2.1.2",
      "react-dom": "^17.0.2",
      "react-scrollchor": "^7.0.1",
      "remix": "^1.1.3",
      "tiny-invariant": "^1.2.0"
    },
    "devDependencies": {
      "@cloudflare/workers-types": "^2.2.2",
      "@remix-run/dev": "^1.1.3",
      "@types/react": "^17.0.24",
      "@types/react-bootstrap": "^0.32.29",
      "@types/react-dom": "^17.0.9",
      "esbuild": "0.13.14",
      "miniflare": "2.0.0-next.3",
      "typescript": "^4.1.2"
    },
    "engines": {
      "node": ">=14"
    },
    "sideEffects": false,
    "main": "dist/worker.js"
  }

yarn manifest: 
  No manifest

Lockfile: 
  No lockfile
